<?xml version="1.0" encoding="UTF-8"?>
<!-- Generated by org.testng.reporters.JUnitReportReporter -->
<testsuite hostname="DESKTOP-0I0ANID" failures="0" tests="2" name="co.qaCRM.testcases.LoginApplication" time="8.323" errors="0" timestamp="2025-04-06T22:14:41 GMT-05:00" skipped="0">
  <testcase classname="co.qaCRM.testcases.LoginApplication" name="loginPageTitleTest" time="3.559"/>
  <testcase classname="co.qaCRM.testcases.LoginApplication" name="loginTest" time="4.764"/>
</testsuite> <!-- co.qaCRM.testcases.LoginApplication -->
