<?xml version="1.0" encoding="UTF-8"?>
<!-- Generated by org.testng.reporters.JUnitReportReporter -->
<testsuite hostname="DESKTOP-0I0ANID" failures="0" tests="3" name="co.qaCRM.testcases.HomePageTest" time="12.056" errors="0" timestamp="2025-04-06T23:52:08 GMT-05:00" skipped="0">
  <testcase classname="co.qaCRM.testcases.HomePageTest" name="clickOnContactsPage" time="4.106"/>
  <testcase classname="co.qaCRM.testcases.HomePageTest" name="verifyUserName" time="4.012"/>
  <testcase classname="co.qaCRM.testcases.HomePageTest" name="verifyHomepageTitleTest" time="3.938"/>
</testsuite> <!-- co.qaCRM.testcases.HomePageTest -->
