<?xml version="1.0" encoding="UTF-8"?>
<!-- Generated by org.testng.reporters.JUnitReportReporter -->
<testsuite hostname="DESKTOP-0I0ANID" failures="0" tests="2" name="com.qaCRM.testcases.LoginApplication" time="10.556" errors="0" timestamp="2025-04-19T12:02:51 GMT-05:00" skipped="0">
  <testcase classname="com.qaCRM.testcases.LoginApplication" name="loginTest" time="6.013"/>
  <testcase classname="com.qaCRM.testcases.LoginApplication" name="loginPageTitleTest" time="4.543"/>
</testsuite> <!-- com.qaCRM.testcases.LoginApplication -->
