<?xml version="1.0" encoding="UTF-8"?>
<!-- Generated by org.testng.reporters.JUnitReportReporter -->
<testsuite hostname="DESKTOP-0I0ANID" failures="0" tests="3" name="com.qaCRM.testcases.HomePageTest" time="22.462" errors="0" timestamp="2025-04-19T12:02:51 GMT-05:00" skipped="0">
  <testcase classname="com.qaCRM.testcases.HomePageTest" name="verifyUserName" time="6.301"/>
  <testcase classname="com.qaCRM.testcases.HomePageTest" name="verifyHomepageTitleTest" time="9.356"/>
  <testcase classname="com.qaCRM.testcases.HomePageTest" name="clickOnContactsPage" time="6.805"/>
</testsuite> <!-- com.qaCRM.testcases.HomePageTest -->
