<?xml version="1.0" encoding="UTF-8"?>
<!-- Generated by org.testng.reporters.JUnitReportReporter -->
<testsuite hostname="DESKTOP-0I0ANID" failures="0" tests="1" name="co.qaCRM.testcases.ContactsPageTest" time="12.938" errors="0" timestamp="2025-04-07T00:38:11 GMT-05:00" skipped="0">
  <testcase classname="co.qaCRM.testcases.ContactsPageTest" name="verifyContactLabel" time="12.938"/>
</testsuite> <!-- co.qaCRM.testcases.ContactsPageTest -->
