<?xml version="1.0" encoding="UTF-8"?>
<!-- Generated by org.testng.reporters.JUnitReportReporter -->
<testsuite hostname="DESKTOP-0I0ANID" failures="0" tests="3" name="com.qaCRM.testcases.HomePageTest" time="20.017" errors="0" timestamp="2025-04-20T11:30:24 GMT-05:00" skipped="0">
  <testcase classname="com.qaCRM.testcases.HomePageTest" name="verifyHomepageTitleTest" time="6.757"/>
  <testcase classname="com.qaCRM.testcases.HomePageTest" name="verifyUserName" time="6.622"/>
  <testcase classname="com.qaCRM.testcases.HomePageTest" name="clickOnContactsPage" time="6.638"/>
</testsuite> <!-- com.qaCRM.testcases.HomePageTest -->
